c:\users\antan\onedrive\stalinis kompiuteris\magistras iv pusmetis\programų priežiūra ir tobulinimas\laboratorinis 1\dlib-19.24\build\dlib\dlib.dir\release\pngmem.obj
c:\users\antan\onedrive\stalinis kompiuteris\magistras iv pusmetis\programų priežiūra ir tobulinimas\laboratorinis 1\dlib-19.24\build\dlib\dlib.dir\release\pngwutil.obj
c:\users\antan\onedrive\stalinis kompiuteris\magistras iv pusmetis\programų priežiūra ir tobulinimas\laboratorinis 1\dlib-19.24\build\dlib\dlib.dir\release\jdatadst.obj
c:\users\antan\onedrive\stalinis kompiuteris\magistras iv pusmetis\programų priežiūra ir tobulinimas\laboratorinis 1\dlib-19.24\build\dlib\dlib.dir\release\jdpostct.obj
c:\users\antan\onedrive\stalinis kompiuteris\magistras iv pusmetis\programų priežiūra ir tobulinimas\laboratorinis 1\dlib-19.24\build\dlib\dlib.dir\release\jfdctflt.obj
c:\users\antan\onedrive\stalinis kompiuteris\magistras iv pusmetis\programų priežiūra ir tobulinimas\laboratorinis 1\dlib-19.24\build\dlib\dlib.dir\release\jquant2.obj
c:\users\antan\onedrive\stalinis kompiuteris\magistras iv pusmetis\programų priežiūra ir tobulinimas\laboratorinis 1\dlib-19.24\build\dlib\dlib.dir\release\filter_neon_intrinsics.obj
c:\users\antan\onedrive\stalinis kompiuteris\magistras iv pusmetis\programų priežiūra ir tobulinimas\laboratorinis 1\dlib-19.24\build\dlib\dlib.dir\release\pngwio.obj
c:\users\antan\onedrive\stalinis kompiuteris\magistras iv pusmetis\programų priežiūra ir tobulinimas\laboratorinis 1\dlib-19.24\build\dlib\dlib.dir\release\inflate.obj
c:\users\antan\onedrive\stalinis kompiuteris\magistras iv pusmetis\programų priežiūra ir tobulinimas\laboratorinis 1\dlib-19.24\build\dlib\dlib.dir\release\jdapistd.obj
c:\users\antan\onedrive\stalinis kompiuteris\magistras iv pusmetis\programų priežiūra ir tobulinimas\laboratorinis 1\dlib-19.24\build\dlib\dlib.dir\release\jdmainct.obj
c:\users\antan\onedrive\stalinis kompiuteris\magistras iv pusmetis\programų priežiūra ir tobulinimas\laboratorinis 1\dlib-19.24\build\dlib\dlib.dir\release\jfdctfst.obj
c:\users\antan\onedrive\stalinis kompiuteris\magistras iv pusmetis\programų priežiūra ir tobulinimas\laboratorinis 1\dlib-19.24\build\dlib\dlib.dir\release\arm_init.obj
c:\users\antan\onedrive\stalinis kompiuteris\magistras iv pusmetis\programų priežiūra ir tobulinimas\laboratorinis 1\dlib-19.24\build\dlib\dlib.dir\release\pngtrans.obj
c:\users\antan\onedrive\stalinis kompiuteris\magistras iv pusmetis\programų priežiūra ir tobulinimas\laboratorinis 1\dlib-19.24\build\dlib\dlib.dir\release\jcarith.obj
c:\users\antan\onedrive\stalinis kompiuteris\magistras iv pusmetis\programų priežiūra ir tobulinimas\laboratorinis 1\dlib-19.24\build\dlib\dlib.dir\release\jdhuff.obj
c:\users\antan\onedrive\stalinis kompiuteris\magistras iv pusmetis\programų priežiūra ir tobulinimas\laboratorinis 1\dlib-19.24\build\dlib\dlib.dir\release\pngread.obj
c:\users\antan\onedrive\stalinis kompiuteris\magistras iv pusmetis\programų priežiūra ir tobulinimas\laboratorinis 1\dlib-19.24\build\dlib\dlib.dir\release\deflate.obj
c:\users\antan\onedrive\stalinis kompiuteris\magistras iv pusmetis\programų priežiūra ir tobulinimas\laboratorinis 1\dlib-19.24\build\dlib\dlib.dir\release\jccoefct.obj
c:\users\antan\onedrive\stalinis kompiuteris\magistras iv pusmetis\programų priežiūra ir tobulinimas\laboratorinis 1\dlib-19.24\build\dlib\dlib.dir\release\jdarith.obj
c:\users\antan\onedrive\stalinis kompiuteris\magistras iv pusmetis\programų priežiūra ir tobulinimas\laboratorinis 1\dlib-19.24\build\dlib\dlib.dir\release\jidctflt.obj
c:\users\antan\onedrive\stalinis kompiuteris\magistras iv pusmetis\programų priežiūra ir tobulinimas\laboratorinis 1\dlib-19.24\build\dlib\dlib.dir\release\pngpread.obj
c:\users\antan\onedrive\stalinis kompiuteris\magistras iv pusmetis\programų priežiūra ir tobulinimas\laboratorinis 1\dlib-19.24\build\dlib\dlib.dir\release\compress.obj
c:\users\antan\onedrive\stalinis kompiuteris\magistras iv pusmetis\programų priežiūra ir tobulinimas\laboratorinis 1\dlib-19.24\build\dlib\dlib.dir\release\infback.obj
c:\users\antan\onedrive\stalinis kompiuteris\magistras iv pusmetis\programų priežiūra ir tobulinimas\laboratorinis 1\dlib-19.24\build\dlib\dlib.dir\release\jcmarker.obj
c:\users\antan\onedrive\stalinis kompiuteris\magistras iv pusmetis\programų priežiūra ir tobulinimas\laboratorinis 1\dlib-19.24\build\dlib\dlib.dir\release\jdcolor.obj
c:\users\antan\onedrive\stalinis kompiuteris\magistras iv pusmetis\programų priežiūra ir tobulinimas\laboratorinis 1\dlib-19.24\build\dlib\dlib.dir\release\jidctfst.obj
c:\users\antan\onedrive\stalinis kompiuteris\magistras iv pusmetis\programų priežiūra ir tobulinimas\laboratorinis 1\dlib-19.24\build\dlib\dlib.dir\release\png.obj
c:\users\antan\onedrive\stalinis kompiuteris\magistras iv pusmetis\programų priežiūra ir tobulinimas\laboratorinis 1\dlib-19.24\build\dlib\dlib.dir\release\gzread.obj
c:\users\antan\onedrive\stalinis kompiuteris\magistras iv pusmetis\programų priežiūra ir tobulinimas\laboratorinis 1\dlib-19.24\build\dlib\dlib.dir\release\inftrees.obj
c:\users\antan\onedrive\stalinis kompiuteris\magistras iv pusmetis\programų priežiūra ir tobulinimas\laboratorinis 1\dlib-19.24\build\dlib\dlib.dir\release\jcapimin.obj
c:\users\antan\onedrive\stalinis kompiuteris\magistras iv pusmetis\programų priežiūra ir tobulinimas\laboratorinis 1\dlib-19.24\build\dlib\dlib.dir\release\jcinit.obj
c:\users\antan\onedrive\stalinis kompiuteris\magistras iv pusmetis\programų priežiūra ir tobulinimas\laboratorinis 1\dlib-19.24\build\dlib\dlib.dir\release\jdapimin.obj
c:\users\antan\onedrive\stalinis kompiuteris\magistras iv pusmetis\programų priežiūra ir tobulinimas\laboratorinis 1\dlib-19.24\build\dlib\dlib.dir\release\jdsample.obj
c:\users\antan\onedrive\stalinis kompiuteris\magistras iv pusmetis\programų priežiūra ir tobulinimas\laboratorinis 1\dlib-19.24\build\dlib\dlib.dir\release\jutils.obj
c:\users\antan\onedrive\stalinis kompiuteris\magistras iv pusmetis\programų priežiūra ir tobulinimas\laboratorinis 1\dlib-19.24\build\dlib\dlib.dir\release\pngerror.obj
c:\users\antan\onedrive\stalinis kompiuteris\magistras iv pusmetis\programų priežiūra ir tobulinimas\laboratorinis 1\dlib-19.24\build\dlib\dlib.dir\release\pngwtran.obj
c:\users\antan\onedrive\stalinis kompiuteris\magistras iv pusmetis\programų priežiūra ir tobulinimas\laboratorinis 1\dlib-19.24\build\dlib\dlib.dir\release\jcmaster.obj
c:\users\antan\onedrive\stalinis kompiuteris\magistras iv pusmetis\programų priežiūra ir tobulinimas\laboratorinis 1\dlib-19.24\build\dlib\dlib.dir\release\jddctmgr.obj
c:\users\antan\onedrive\stalinis kompiuteris\magistras iv pusmetis\programų priežiūra ir tobulinimas\laboratorinis 1\dlib-19.24\build\dlib\dlib.dir\release\jmemmgr.obj
c:\users\antan\onedrive\stalinis kompiuteris\magistras iv pusmetis\programų priežiūra ir tobulinimas\laboratorinis 1\dlib-19.24\build\dlib\dlib.dir\release\pngrio.obj
c:\users\antan\onedrive\stalinis kompiuteris\magistras iv pusmetis\programų priežiūra ir tobulinimas\laboratorinis 1\dlib-19.24\build\dlib\dlib.dir\release\gzclose.obj
c:\users\antan\onedrive\stalinis kompiuteris\magistras iv pusmetis\programų priežiūra ir tobulinimas\laboratorinis 1\dlib-19.24\build\dlib\dlib.dir\release\gzwrite.obj
c:\users\antan\onedrive\stalinis kompiuteris\magistras iv pusmetis\programų priežiūra ir tobulinimas\laboratorinis 1\dlib-19.24\build\dlib\dlib.dir\release\jcapistd.obj
c:\users\antan\onedrive\stalinis kompiuteris\magistras iv pusmetis\programų priežiūra ir tobulinimas\laboratorinis 1\dlib-19.24\build\dlib\dlib.dir\release\jchuff.obj
c:\users\antan\onedrive\stalinis kompiuteris\magistras iv pusmetis\programų priežiūra ir tobulinimas\laboratorinis 1\dlib-19.24\build\dlib\dlib.dir\release\jdcoefct.obj
c:\users\antan\onedrive\stalinis kompiuteris\magistras iv pusmetis\programų priežiūra ir tobulinimas\laboratorinis 1\dlib-19.24\build\dlib\dlib.dir\release\jidctint.obj
c:\users\antan\onedrive\stalinis kompiuteris\magistras iv pusmetis\programų priežiūra ir tobulinimas\laboratorinis 1\dlib-19.24\build\dlib\dlib.dir\release\pngget.obj
c:\users\antan\onedrive\stalinis kompiuteris\magistras iv pusmetis\programų priežiūra ir tobulinimas\laboratorinis 1\dlib-19.24\build\dlib\dlib.dir\release\pngwrite.obj
c:\users\antan\onedrive\stalinis kompiuteris\magistras iv pusmetis\programų priežiūra ir tobulinimas\laboratorinis 1\dlib-19.24\build\dlib\dlib.dir\release\jcmainct.obj
c:\users\antan\onedrive\stalinis kompiuteris\magistras iv pusmetis\programų priežiūra ir tobulinimas\laboratorinis 1\dlib-19.24\build\dlib\dlib.dir\release\jcprepct.obj
c:\users\antan\onedrive\stalinis kompiuteris\magistras iv pusmetis\programų priežiūra ir tobulinimas\laboratorinis 1\dlib-19.24\build\dlib\dlib.dir\release\jdinput.obj
c:\users\antan\onedrive\stalinis kompiuteris\magistras iv pusmetis\programų priežiūra ir tobulinimas\laboratorinis 1\dlib-19.24\build\dlib\dlib.dir\release\jerror.obj
c:\users\antan\onedrive\stalinis kompiuteris\magistras iv pusmetis\programų priežiūra ir tobulinimas\laboratorinis 1\dlib-19.24\build\dlib\dlib.dir\release\jmemnobs.obj
c:\users\antan\onedrive\stalinis kompiuteris\magistras iv pusmetis\programų priežiūra ir tobulinimas\laboratorinis 1\dlib-19.24\build\dlib\dlib.dir\release\pngrtran.obj
c:\users\antan\onedrive\stalinis kompiuteris\magistras iv pusmetis\programų priežiūra ir tobulinimas\laboratorinis 1\dlib-19.24\build\dlib\dlib.dir\release\crc32.obj
c:\users\antan\onedrive\stalinis kompiuteris\magistras iv pusmetis\programų priežiūra ir tobulinimas\laboratorinis 1\dlib-19.24\build\dlib\dlib.dir\release\trees.obj
c:\users\antan\onedrive\stalinis kompiuteris\magistras iv pusmetis\programų priežiūra ir tobulinimas\laboratorinis 1\dlib-19.24\build\dlib\dlib.dir\release\jccolor.obj
c:\users\antan\onedrive\stalinis kompiuteris\magistras iv pusmetis\programų priežiūra ir tobulinimas\laboratorinis 1\dlib-19.24\build\dlib\dlib.dir\release\jcparam.obj
c:\users\antan\onedrive\stalinis kompiuteris\magistras iv pusmetis\programų priežiūra ir tobulinimas\laboratorinis 1\dlib-19.24\build\dlib\dlib.dir\release\jdmarker.obj
c:\users\antan\onedrive\stalinis kompiuteris\magistras iv pusmetis\programų priežiūra ir tobulinimas\laboratorinis 1\dlib-19.24\build\dlib\dlib.dir\release\pngrutil.obj
c:\users\antan\onedrive\stalinis kompiuteris\magistras iv pusmetis\programų priežiūra ir tobulinimas\laboratorinis 1\dlib-19.24\build\dlib\dlib.dir\release\gzlib.obj
c:\users\antan\onedrive\stalinis kompiuteris\magistras iv pusmetis\programų priežiūra ir tobulinimas\laboratorinis 1\dlib-19.24\build\dlib\dlib.dir\release\inffast.obj
c:\users\antan\onedrive\stalinis kompiuteris\magistras iv pusmetis\programų priežiūra ir tobulinimas\laboratorinis 1\dlib-19.24\build\dlib\dlib.dir\release\zutil.obj
c:\users\antan\onedrive\stalinis kompiuteris\magistras iv pusmetis\programų priežiūra ir tobulinimas\laboratorinis 1\dlib-19.24\build\dlib\dlib.dir\release\jcomapi.obj
c:\users\antan\onedrive\stalinis kompiuteris\magistras iv pusmetis\programų priežiūra ir tobulinimas\laboratorinis 1\dlib-19.24\build\dlib\dlib.dir\release\jcsample.obj
c:\users\antan\onedrive\stalinis kompiuteris\magistras iv pusmetis\programų priežiūra ir tobulinimas\laboratorinis 1\dlib-19.24\build\dlib\dlib.dir\release\jdmerge.obj
c:\users\antan\onedrive\stalinis kompiuteris\magistras iv pusmetis\programų priežiūra ir tobulinimas\laboratorinis 1\dlib-19.24\build\dlib\dlib.dir\release\jquant1.obj
c:\users\antan\onedrive\stalinis kompiuteris\magistras iv pusmetis\programų priežiūra ir tobulinimas\laboratorinis 1\dlib-19.24\build\dlib\dlib.dir\release\pngset.obj
c:\users\antan\onedrive\stalinis kompiuteris\magistras iv pusmetis\programų priežiūra ir tobulinimas\laboratorinis 1\dlib-19.24\build\dlib\dlib.dir\release\adler32.obj
c:\users\antan\onedrive\stalinis kompiuteris\magistras iv pusmetis\programų priežiūra ir tobulinimas\laboratorinis 1\dlib-19.24\build\dlib\dlib.dir\release\uncompr.obj
c:\users\antan\onedrive\stalinis kompiuteris\magistras iv pusmetis\programų priežiūra ir tobulinimas\laboratorinis 1\dlib-19.24\build\dlib\dlib.dir\release\jaricom.obj
c:\users\antan\onedrive\stalinis kompiuteris\magistras iv pusmetis\programų priežiūra ir tobulinimas\laboratorinis 1\dlib-19.24\build\dlib\dlib.dir\release\jcdctmgr.obj
c:\users\antan\onedrive\stalinis kompiuteris\magistras iv pusmetis\programų priežiūra ir tobulinimas\laboratorinis 1\dlib-19.24\build\dlib\dlib.dir\release\jdatasrc.obj
c:\users\antan\onedrive\stalinis kompiuteris\magistras iv pusmetis\programų priežiūra ir tobulinimas\laboratorinis 1\dlib-19.24\build\dlib\dlib.dir\release\jdmaster.obj
c:\users\antan\onedrive\stalinis kompiuteris\magistras iv pusmetis\programų priežiūra ir tobulinimas\laboratorinis 1\dlib-19.24\build\dlib\dlib.dir\release\jfdctint.obj
c:\users\antan\onedrive\stalinis kompiuteris\magistras iv pusmetis\programų priežiūra ir tobulinimas\laboratorinis 1\dlib-19.24\build\dlib\dlib.dir\release\entropy_encoder_kernel_2.obj
c:\users\antan\onedrive\stalinis kompiuteris\magistras iv pusmetis\programų priežiūra ir tobulinimas\laboratorinis 1\dlib-19.24\build\dlib\dlib.dir\release\dir_nav_extensions.obj
c:\users\antan\onedrive\stalinis kompiuteris\magistras iv pusmetis\programų priežiūra ir tobulinimas\laboratorinis 1\dlib-19.24\build\dlib\dlib.dir\release\server_kernel.obj
c:\users\antan\onedrive\stalinis kompiuteris\magistras iv pusmetis\programų priežiūra ir tobulinimas\laboratorinis 1\dlib-19.24\build\dlib\dlib.dir\release\mnist.obj
c:\users\antan\onedrive\stalinis kompiuteris\magistras iv pusmetis\programų priežiūra ir tobulinimas\laboratorinis 1\dlib-19.24\build\dlib\dlib.dir\release\gui_core_kernel_1.obj
c:\users\antan\onedrive\stalinis kompiuteris\magistras iv pusmetis\programų priežiūra ir tobulinimas\laboratorinis 1\dlib-19.24\build\dlib\dlib.dir\release\bit_stream_kernel_1.obj
c:\users\antan\onedrive\stalinis kompiuteris\magistras iv pusmetis\programų priežiūra ir tobulinimas\laboratorinis 1\dlib-19.24\build\dlib\dlib.dir\release\dir_nav_kernel_2.obj
c:\users\antan\onedrive\stalinis kompiuteris\magistras iv pusmetis\programų priežiūra ir tobulinimas\laboratorinis 1\dlib-19.24\build\dlib\dlib.dir\release\linker_kernel_1.obj
c:\users\antan\onedrive\stalinis kompiuteris\magistras iv pusmetis\programų priežiūra ir tobulinimas\laboratorinis 1\dlib-19.24\build\dlib\dlib.dir\release\server_http.obj
c:\users\antan\onedrive\stalinis kompiuteris\magistras iv pusmetis\programų priežiūra ir tobulinimas\laboratorinis 1\dlib-19.24\build\dlib\dlib.dir\release\canvas_drawing.obj
c:\users\antan\onedrive\stalinis kompiuteris\magistras iv pusmetis\programų priežiūra ir tobulinimas\laboratorinis 1\dlib-19.24\build\dlib\dlib.dir\release\gui_core_kernel_2.obj
c:\users\antan\onedrive\stalinis kompiuteris\magistras iv pusmetis\programų priežiūra ir tobulinimas\laboratorinis 1\dlib-19.24\build\dlib\dlib.dir\release\save_png.obj
c:\users\antan\onedrive\stalinis kompiuteris\magistras iv pusmetis\programų priežiūra ir tobulinimas\laboratorinis 1\dlib-19.24\build\dlib\dlib.dir\release\entropy_encoder_kernel_1.obj
c:\users\antan\onedrive\stalinis kompiuteris\magistras iv pusmetis\programų priežiūra ir tobulinimas\laboratorinis 1\dlib-19.24\build\dlib\dlib.dir\release\fonts.obj
c:\users\antan\onedrive\stalinis kompiuteris\magistras iv pusmetis\programų priežiūra ir tobulinimas\laboratorinis 1\dlib-19.24\build\dlib\dlib.dir\release\timer.obj
c:\users\antan\onedrive\stalinis kompiuteris\magistras iv pusmetis\programų priežiūra ir tobulinimas\laboratorinis 1\dlib-19.24\build\dlib\dlib.dir\release\style.obj
c:\users\antan\onedrive\stalinis kompiuteris\magistras iv pusmetis\programų priežiūra ir tobulinimas\laboratorinis 1\dlib-19.24\build\dlib\dlib.dir\release\md5_kernel_1.obj
c:\users\antan\onedrive\stalinis kompiuteris\magistras iv pusmetis\programų priežiūra ir tobulinimas\laboratorinis 1\dlib-19.24\build\dlib\dlib.dir\release\extra_logger_headers.obj
c:\users\antan\onedrive\stalinis kompiuteris\magistras iv pusmetis\programų priežiūra ir tobulinimas\laboratorinis 1\dlib-19.24\build\dlib\dlib.dir\release\threads_kernel_1.obj
c:\users\antan\onedrive\stalinis kompiuteris\magistras iv pusmetis\programų priežiūra ir tobulinimas\laboratorinis 1\dlib-19.24\build\dlib\dlib.dir\release\image_dataset_metadata.obj
c:\users\antan\onedrive\stalinis kompiuteris\magistras iv pusmetis\programų priežiūra ir tobulinimas\laboratorinis 1\dlib-19.24\build\dlib\dlib.dir\release\jpeg_loader.obj
c:\users\antan\onedrive\stalinis kompiuteris\magistras iv pusmetis\programų priežiūra ir tobulinimas\laboratorinis 1\dlib-19.24\build\dlib\dlib.dir\release\unicode.obj
c:\users\antan\onedrive\stalinis kompiuteris\magistras iv pusmetis\programų priežiūra ir tobulinimas\laboratorinis 1\dlib-19.24\build\dlib\dlib.dir\release\misc_api_kernel_1.obj
c:\users\antan\onedrive\stalinis kompiuteris\magistras iv pusmetis\programų priežiūra ir tobulinimas\laboratorinis 1\dlib-19.24\build\dlib\dlib.dir\release\multithreaded_object_extension.obj
c:\users\antan\onedrive\stalinis kompiuteris\magistras iv pusmetis\programų priežiūra ir tobulinimas\laboratorinis 1\dlib-19.24\build\dlib\dlib.dir\release\global_function_search.obj
c:\users\antan\onedrive\stalinis kompiuteris\magistras iv pusmetis\programų priežiūra ir tobulinimas\laboratorinis 1\dlib-19.24\build\dlib\dlib.dir\release\bigint_kernel_2.obj
c:\users\antan\onedrive\stalinis kompiuteris\magistras iv pusmetis\programų priežiūra ir tobulinimas\laboratorinis 1\dlib-19.24\build\dlib\dlib.dir\release\sockets_kernel_2.obj
c:\users\antan\onedrive\stalinis kompiuteris\magistras iv pusmetis\programų priežiūra ir tobulinimas\laboratorinis 1\dlib-19.24\build\dlib\dlib.dir\release\sockstreambuf.obj
c:\users\antan\onedrive\stalinis kompiuteris\magistras iv pusmetis\programų priežiūra ir tobulinimas\laboratorinis 1\dlib-19.24\build\dlib\dlib.dir\release\threads_kernel_2.obj
c:\users\antan\onedrive\stalinis kompiuteris\magistras iv pusmetis\programų priežiūra ir tobulinimas\laboratorinis 1\dlib-19.24\build\dlib\dlib.dir\release\thread_pool_extension.obj
c:\users\antan\onedrive\stalinis kompiuteris\magistras iv pusmetis\programų priežiūra ir tobulinimas\laboratorinis 1\dlib-19.24\build\dlib\dlib.dir\release\drawable.obj
c:\users\antan\onedrive\stalinis kompiuteris\magistras iv pusmetis\programų priežiūra ir tobulinimas\laboratorinis 1\dlib-19.24\build\dlib\dlib.dir\release\png_loader.obj
c:\users\antan\onedrive\stalinis kompiuteris\magistras iv pusmetis\programų priežiūra ir tobulinimas\laboratorinis 1\dlib-19.24\build\dlib\dlib.dir\release\test_for_odr_violations.obj
c:\users\antan\onedrive\stalinis kompiuteris\magistras iv pusmetis\programų priežiūra ir tobulinimas\laboratorinis 1\dlib-19.24\build\dlib\dlib.dir\release\sockets_kernel_1.obj
c:\users\antan\onedrive\stalinis kompiuteris\magistras iv pusmetis\programų priežiūra ir tobulinimas\laboratorinis 1\dlib-19.24\build\dlib\dlib.dir\release\server_iostream.obj
c:\users\antan\onedrive\stalinis kompiuteris\magistras iv pusmetis\programų priežiūra ir tobulinimas\laboratorinis 1\dlib-19.24\build\dlib\dlib.dir\release\cifar.obj
c:\users\antan\onedrive\stalinis kompiuteris\magistras iv pusmetis\programų priežiūra ir tobulinimas\laboratorinis 1\dlib-19.24\build\dlib\dlib.dir\release\base_widgets.obj
c:\users\antan\onedrive\stalinis kompiuteris\magistras iv pusmetis\programų priežiūra ir tobulinimas\laboratorinis 1\dlib-19.24\build\dlib\dlib.dir\release\bigint_kernel_1.obj
c:\users\antan\onedrive\stalinis kompiuteris\magistras iv pusmetis\programų priežiūra ir tobulinimas\laboratorinis 1\dlib-19.24\build\dlib\dlib.dir\release\misc_api_kernel_2.obj
c:\users\antan\onedrive\stalinis kompiuteris\magistras iv pusmetis\programų priežiūra ir tobulinimas\laboratorinis 1\dlib-19.24\build\dlib\dlib.dir\release\sockets_extensions.obj
c:\users\antan\onedrive\stalinis kompiuteris\magistras iv pusmetis\programų priežiūra ir tobulinimas\laboratorinis 1\dlib-19.24\build\dlib\dlib.dir\release\async.obj
c:\users\antan\onedrive\stalinis kompiuteris\magistras iv pusmetis\programų priežiūra ir tobulinimas\laboratorinis 1\dlib-19.24\build\dlib\dlib.dir\release\widgets.obj
c:\users\antan\onedrive\stalinis kompiuteris\magistras iv pusmetis\programų priežiūra ir tobulinimas\laboratorinis 1\dlib-19.24\build\dlib\dlib.dir\release\tokenizer_kernel_1.obj
c:\users\antan\onedrive\stalinis kompiuteris\magistras iv pusmetis\programų priežiūra ir tobulinimas\laboratorinis 1\dlib-19.24\build\dlib\dlib.dir\release\logger_kernel_1.obj
c:\users\antan\onedrive\stalinis kompiuteris\magistras iv pusmetis\programų priežiūra ir tobulinimas\laboratorinis 1\dlib-19.24\build\dlib\dlib.dir\release\threads_kernel_shared.obj
c:\users\antan\onedrive\stalinis kompiuteris\magistras iv pusmetis\programų priežiūra ir tobulinimas\laboratorinis 1\dlib-19.24\build\dlib\dlib.dir\release\auto.obj
c:\users\antan\onedrive\stalinis kompiuteris\magistras iv pusmetis\programų priežiūra ir tobulinimas\laboratorinis 1\dlib-19.24\build\dlib\dlib.dir\release\entropy_decoder_kernel_2.obj
c:\users\antan\onedrive\stalinis kompiuteris\magistras iv pusmetis\programų priežiūra ir tobulinimas\laboratorinis 1\dlib-19.24\build\dlib\dlib.dir\release\bsp.obj
c:\users\antan\onedrive\stalinis kompiuteris\magistras iv pusmetis\programų priežiūra ir tobulinimas\laboratorinis 1\dlib-19.24\build\dlib\dlib.dir\release\threaded_object_extension.obj
c:\users\antan\onedrive\stalinis kompiuteris\magistras iv pusmetis\programų priežiūra ir tobulinimas\laboratorinis 1\dlib-19.24\build\dlib\dlib.dir\release\kalman_filter.obj
c:\users\antan\onedrive\stalinis kompiuteris\magistras iv pusmetis\programų priežiūra ir tobulinimas\laboratorinis 1\dlib-19.24\build\dlib\dlib.dir\release\entropy_decoder_kernel_1.obj
c:\users\antan\onedrive\stalinis kompiuteris\magistras iv pusmetis\programų priežiūra ir tobulinimas\laboratorinis 1\dlib-19.24\build\dlib\dlib.dir\release\dir_nav_kernel_1.obj
c:\users\antan\onedrive\stalinis kompiuteris\magistras iv pusmetis\programų priežiūra ir tobulinimas\laboratorinis 1\dlib-19.24\build\dlib\dlib.dir\release\sockstreambuf_unbuffered.obj
c:\users\antan\onedrive\stalinis kompiuteris\magistras iv pusmetis\programų priežiūra ir tobulinimas\laboratorinis 1\dlib-19.24\build\dlib\dlib.dir\release\tensor_tools.obj
c:\users\antan\onedrive\stalinis kompiuteris\magistras iv pusmetis\programų priežiūra ir tobulinimas\laboratorinis 1\dlib-19.24\build\dlib\dlib.dir\release\save_jpeg.obj
c:\users\antan\onedrive\stalinis kompiuteris\magistras iv pusmetis\programų priežiūra ir tobulinimas\laboratorinis 1\dlib-19.24\build\dlib\dlib.dir\release\base64_kernel_1.obj
c:\users\antan\onedrive\stalinis kompiuteris\magistras iv pusmetis\programų priežiūra ir tobulinimas\laboratorinis 1\dlib-19.24\build\dlib\dlib.dir\release\logger_config_file.obj
c:\users\antan\onedrive\stalinis kompiuteris\magistras iv pusmetis\programų priežiūra ir tobulinimas\laboratorinis 1\dlib-19.24\build\dlib\dlib.dir\release\stack_trace.obj
c:\users\antan\onedrive\stalinis kompiuteris\magistras iv pusmetis\programų priežiūra ir tobulinimas\laboratorinis 1\dlib-19.24\build\dlib\dlib.dir\release\cpu_dlib.obj
c:\users\antan\onedrive\stalinis kompiuteris\magistras iv pusmetis\programų priežiūra ir tobulinimas\laboratorinis 1\dlib-19.24\build\dlib\cmakefiles\generate.stamp
c:\users\antan\onedrive\stalinis kompiuteris\magistras iv pusmetis\programų priežiūra ir tobulinimas\laboratorinis 1\dlib-19.24\build\dlib\release\dlib19.24.0_release_64bit_msvc1939.lib
c:\users\antan\onedrive\stalinis kompiuteris\magistras iv pusmetis\programų priežiūra ir tobulinimas\laboratorinis 1\dlib-19.24\build\dlib\dlib.dir\release\dlib.tlog\cl.15248.write.1.tlog
c:\users\antan\onedrive\stalinis kompiuteris\magistras iv pusmetis\programų priežiūra ir tobulinimas\laboratorinis 1\dlib-19.24\build\dlib\dlib.dir\release\dlib.tlog\cl.command.1.tlog
c:\users\antan\onedrive\stalinis kompiuteris\magistras iv pusmetis\programų priežiūra ir tobulinimas\laboratorinis 1\dlib-19.24\build\dlib\dlib.dir\release\dlib.tlog\cl.items.tlog
c:\users\antan\onedrive\stalinis kompiuteris\magistras iv pusmetis\programų priežiūra ir tobulinimas\laboratorinis 1\dlib-19.24\build\dlib\dlib.dir\release\dlib.tlog\cl.read.1.tlog
c:\users\antan\onedrive\stalinis kompiuteris\magistras iv pusmetis\programų priežiūra ir tobulinimas\laboratorinis 1\dlib-19.24\build\dlib\dlib.dir\release\dlib.tlog\custombuild.command.1.tlog
c:\users\antan\onedrive\stalinis kompiuteris\magistras iv pusmetis\programų priežiūra ir tobulinimas\laboratorinis 1\dlib-19.24\build\dlib\dlib.dir\release\dlib.tlog\custombuild.read.1.tlog
c:\users\antan\onedrive\stalinis kompiuteris\magistras iv pusmetis\programų priežiūra ir tobulinimas\laboratorinis 1\dlib-19.24\build\dlib\dlib.dir\release\dlib.tlog\custombuild.write.1.tlog
c:\users\antan\onedrive\stalinis kompiuteris\magistras iv pusmetis\programų priežiūra ir tobulinimas\laboratorinis 1\dlib-19.24\build\dlib\dlib.dir\release\dlib.tlog\lib-link.read.1.tlog
c:\users\antan\onedrive\stalinis kompiuteris\magistras iv pusmetis\programų priežiūra ir tobulinimas\laboratorinis 1\dlib-19.24\build\dlib\dlib.dir\release\dlib.tlog\lib-link.write.1.tlog
c:\users\antan\onedrive\stalinis kompiuteris\magistras iv pusmetis\programų priežiūra ir tobulinimas\laboratorinis 1\dlib-19.24\build\dlib\dlib.dir\release\dlib.tlog\lib.command.1.tlog
